<?xml version="1.0" encoding="UTF-8"?>
<!-- Generated by org.testng.reporters.JUnitXMLReporter -->
<testsuite hostname="admin-PC" name="Checkout Page-Tests" tests="28" failures="2" timestamp="17 Apr 2017 14:43:43 GMT" time="2100.537" errors="0">
  <testcase name="test" time="135.609" classname="testingxperts.web.tests.IGP_TC_159"/>
  <testcase name="test" time="48.642" classname="testingxperts.web.tests.IGP_TC_160"/>
  <testcase name="test" time="46.053" classname="testingxperts.web.tests.IGP_TC_161"/>
  <testcase name="test" time="50.419" classname="testingxperts.web.tests.IGP_TC_162"/>
  <testcase name="test" time="71.919" classname="testingxperts.web.tests.IGP_TC_163"/>
  <testcase name="test" time="54.629" classname="testingxperts.web.tests.IGP_TC_164"/>
  <testcase name="test" time="55.374" classname="testingxperts.web.tests.IGP_TC_165"/>
  <testcase name="test" time="59.744" classname="testingxperts.web.tests.IGP_TC_166"/>
  <testcase name="test" time="57.923" classname="testingxperts.web.tests.IGP_TC_167"/>
  <testcase name="test" time="56.938" classname="testingxperts.web.tests.IGP_TC_168"/>
  <testcase name="test" time="73.401" classname="testingxperts.web.tests.IGP_TC_169"/>
  <testcase name="test" time="57.157" classname="testingxperts.web.tests.IGP_TC_170"/>
  <testcase name="test" time="59.151" classname="testingxperts.web.tests.IGP_TC_171"/>
  <testcase name="test" time="67.55" classname="testingxperts.web.tests.IGP_TC_172"/>
  <testcase name="test" time="49.605" classname="testingxperts.web.tests.IGP_TC_173"/>
  <testcase name="test" time="48.52" classname="testingxperts.web.tests.IGP_TC_174"/>
  <testcase name="test" time="63.166" classname="testingxperts.web.tests.IGP_TC_175"/>
  <testcase name="test" time="68.98" classname="testingxperts.web.tests.IGP_TC_177"/>
  <testcase name="test" time="58.223" classname="testingxperts.web.tests.IGP_TC_178"/>
  <testcase name="test" time="106.117" classname="testingxperts.web.tests.IGP_TC_179">
    <failure type="org.openqa.selenium.TimeoutException" message="Expected condition failed: waiting for visibility of element located by By.xpath: .//*[@id=&amp;apos;address-container&amp;apos;]/div (tried for 50 second(s) with 500 MILLISECONDS interval)
Build info: version: &amp;apos;2.53.0&amp;apos;, revision: &amp;apos;35ae25b1534ae328c771e0856c93e187490ca824&amp;apos;, time: &amp;apos;2016-03-15 10:43:46&amp;apos;
System info: host: &amp;apos;admin-PC&amp;apos;, ip: &amp;apos;192.168.0.113&amp;apos;, os.name: &amp;apos;Windows 7&amp;apos;, os.arch: &amp;apos;amd64&amp;apos;, os.version: &amp;apos;6.1&amp;apos;, java.version: &amp;apos;1.8.0_121&amp;apos;
Driver info: org.openqa.selenium.chrome.ChromeDriver
Capabilities [{applicationCacheEnabled=false, rotatable=false, mobileEmulationEnabled=false, networkConnectionEnabled=false, chrome={chromedriverVersion=2.29.461591 (62ebf098771772160f391d75e589dc567915b233), userDataDir=C:\Users\admin\AppData\Local\Temp\scoped_dir2748_9711}, takesHeapSnapshot=true, pageLoadStrategy=normal, databaseEnabled=false, handlesAlerts=true, hasTouchScreen=false, version=57.0.2987.133, platform=XP, browserConnectionEnabled=false, nativeEvents=true, acceptSslCerts=true, locationContextEnabled=true, webStorageEnabled=true, browserName=chrome, takesScreenshot=true, javascriptEnabled=true, cssSelectorsEnabled=true, unexpectedAlertBehaviour=}]
Session ID: 7b3cc9876fff50ddeed67b611b2aba9d">
      <![CDATA[org.openqa.selenium.TimeoutException: Expected condition failed: waiting for visibility of element located by By.xpath: .//*[@id='address-container']/div (tried for 50 second(s) with 500 MILLISECONDS interval)
Build info: version: '2.53.0', revision: '35ae25b1534ae328c771e0856c93e187490ca824', time: '2016-03-15 10:43:46'
System info: host: 'admin-PC', ip: '192.168.0.113', os.name: 'Windows 7', os.arch: 'amd64', os.version: '6.1', java.version: '1.8.0_121'
Driver info: org.openqa.selenium.chrome.ChromeDriver
Capabilities [{applicationCacheEnabled=false, rotatable=false, mobileEmulationEnabled=false, networkConnectionEnabled=false, chrome={chromedriverVersion=2.29.461591 (62ebf098771772160f391d75e589dc567915b233), userDataDir=C:\Users\admin\AppData\Local\Temp\scoped_dir2748_9711}, takesHeapSnapshot=true, pageLoadStrategy=normal, databaseEnabled=false, handlesAlerts=true, hasTouchScreen=false, version=57.0.2987.133, platform=XP, browserConnectionEnabled=false, nativeEvents=true, acceptSslCerts=true, locationContextEnabled=true, webStorageEnabled=true, browserName=chrome, takesScreenshot=true, javascriptEnabled=true, cssSelectorsEnabled=true, unexpectedAlertBehaviour=}]
Session ID: 7b3cc9876fff50ddeed67b611b2aba9d
	at org.openqa.selenium.support.ui.WebDriverWait.timeoutException(WebDriverWait.java:80)
	at org.openqa.selenium.support.ui.FluentWait.until(FluentWait.java:265)
	at utilities.KeywordUtil.waitForVisibile(KeywordUtil.java:94)
	at testingxperts.web.tests.IGP_TC_179.test(IGP_TC_179.java:103)
	at suite.runner.CustomSuiteRunner.suiteRunner(CustomSuiteRunner.java:168)
... Removed 50 stack frames]]>
    </failure>
  </testcase> <!-- test -->
  <testcase name="test" time="48.708" classname="testingxperts.web.tests.IGP_TC_180"/>
  <testcase name="test" time="44.265" classname="testingxperts.web.tests.IGP_TC_181"/>
  <testcase name="test" time="40.655" classname="testingxperts.web.tests.IGP_TC_182"/>
  <testcase name="test" time="58.33" classname="testingxperts.web.tests.IGP_TC_183"/>
  <testcase name="test" time="101.56" classname="testingxperts.web.tests.IGP_TC_184"/>
  <testcase name="test" time="52.367" classname="testingxperts.web.tests.IGP_TC_185"/>
  <testcase name="test" time="120.925" classname="testingxperts.web.tests.IGP_TC_186"/>
  <testcase name="test" time="130.595" classname="testingxperts.web.tests.IGP_TC_187">
    <failure type="utilities.TestStepFailedException" message="Varification failed--&amp;gt;Select delivery location as Australia.">
      <![CDATA[utilities.TestStepFailedException: Varification failed-->Select delivery location as Australia.
	at utilities.KeywordUtil.verifyStep(KeywordUtil.java:698)
	at testingxperts.web.tests.IGP_TC_187.test(IGP_TC_187.java:113)
	at suite.runner.CustomSuiteRunner.suiteRunner(CustomSuiteRunner.java:168)
... Removed 50 stack frames]]>
    </failure>
  </testcase> <!-- test -->
</testsuite> <!-- Checkout Page-Tests -->
